2026-06-07 13:36:35,148 [INFO] nanoMIDIPlayer: Logging initialized → C:\Users\haipr\Documents\nanoMIDIPlayer\logs\nanoMIDIPlayer_2026-06-07_13-36-35.log
2026-06-07 13:36:35,148 [INFO] nanoMIDIPlayer: Application starting, logs at C:\Users\haipr\Documents\nanoMIDIPlayer\logs\nanoMIDIPlayer_2026-06-07_13-36-35.log
2026-06-07 13:36:35,191 [DEBUG] PIL.PngImagePlugin: STREAM b'IHDR' 16 13
2026-06-07 13:36:35,191 [DEBUG] PIL.PngImagePlugin: STREAM b'sRGB' 41 1
2026-06-07 13:36:35,192 [DEBUG] PIL.PngImagePlugin: STREAM b'IDAT' 54 8192
2026-06-07 13:36:35,213 [DEBUG] urllib3.connectionpool: Starting new HTTPS connection (1): raw.githubusercontent.com:443
2026-06-07 13:36:35,504 [DEBUG] urllib3.connectionpool: https://raw.githubusercontent.com:443 "GET /NotHammer043/nanoMIDIPlayer/refs/heads/main/api/theme.json HTTP/1.1" 200 238
2026-06-07 13:36:35,505 [DEBUG] urllib3.connectionpool: Starting new HTTPS connection (1): raw.githubusercontent.com:443
2026-06-07 13:36:35,796 [DEBUG] urllib3.connectionpool: https://raw.githubusercontent.com:443 "GET /NotHammer043/nanoMIDIPlayer/refs/heads/main/api/themes/dark.json HTTP/1.1" 200 182661
2026-06-07 13:36:37,477 [INFO] nanoMIDIPlayer: App initialized
2026-06-07 13:36:37,499 [DEBUG] urllib3.connectionpool: Starting new HTTPS connection (1): raw.githubusercontent.com:443
2026-06-07 13:36:37,806 [DEBUG] urllib3.connectionpool: https://raw.githubusercontent.com:443 "GET /NotHammer043/nanoMIDIPlayer/refs/heads/main/api/theme.json HTTP/1.1" 200 238
2026-06-07 13:36:38,106 [DEBUG] modules.functions.mainFunctions: Hello! :)
2026-06-07 13:36:38,412 [DEBUG] modules.functions.settingsFunctions: MidiCustomHoldLength status updated
2026-06-07 13:36:38,417 [DEBUG] modules.functions.settingsFunctions: MidiRandomFail status updated
2026-06-07 13:36:38,420 [DEBUG] modules.functions.settingsFunctions: DrumsCustomHoldLength status updated
2026-06-07 13:36:38,422 [DEBUG] modules.functions.settingsFunctions: DrumsRandomFail status updated
2026-06-07 13:36:38,423 [INFO] ui.info: InfoTab initialized
2026-06-07 13:36:38,445 [DEBUG] ui.info: Initial loading message displayed
2026-06-07 13:36:38,445 [DEBUG] ui.darwinPermission: initializing DarwinPermissionTab
2026-06-07 13:36:38,447 [DEBUG] PIL.PngImagePlugin: STREAM b'IHDR' 16 13
2026-06-07 13:36:38,447 [DEBUG] PIL.PngImagePlugin: STREAM b'sRGB' 41 1
2026-06-07 13:36:38,447 [DEBUG] PIL.PngImagePlugin: STREAM b'eXIf' 54 68
2026-06-07 13:36:38,447 [DEBUG] PIL.PngImagePlugin: STREAM b'IDAT' 134 16384
2026-06-07 13:36:38,448 [DEBUG] PIL.PngImagePlugin: STREAM b'IHDR' 16 13
2026-06-07 13:36:38,448 [DEBUG] PIL.PngImagePlugin: STREAM b'sRGB' 41 1
2026-06-07 13:36:38,448 [DEBUG] PIL.PngImagePlugin: STREAM b'eXIf' 54 68
2026-06-07 13:36:38,448 [DEBUG] PIL.PngImagePlugin: STREAM b'IDAT' 134 16384
2026-06-07 13:36:38,703 [INFO] modules.functions.midiPlayerFunctions: loadSavedFile called
2026-06-07 13:36:38,925 [INFO] modules.functions.drumsMacroFunctions: loadSavedFile called
2026-06-07 13:36:38,927 [DEBUG] modules.functions.drumsMacroFunctions: no saved files found
2026-06-07 13:36:38,927 [INFO] modules.functions.settingsFunctions: Control sets initialized
2026-06-07 13:36:38,928 [INFO] modules.functions.mainFunctions: tabBind: 0
2026-06-07 13:36:38,928 [DEBUG] modules.functions.mainFunctions: clearConsole
2026-06-07 13:36:39,229 [INFO] ui.info: Attempting to fetch INFO.md from GitHub
2026-06-07 13:36:39,229 [DEBUG] ui.info: Started background thread for loadContent
2026-06-07 13:36:39,429 [INFO] ui.info: Fetched INFO.md successfully
2026-06-07 13:36:39,552 [DEBUG] MARKDOWN: Successfully loaded extension "markdown.extensions.fenced_code.FencedCodeExtension".
2026-06-07 13:36:39,553 [DEBUG] MARKDOWN: Successfully loaded extension "markdown.extensions.footnotes.FootnoteExtension".
2026-06-07 13:36:39,553 [DEBUG] MARKDOWN: Successfully loaded extension "markdown.extensions.attr_list.AttrListExtension".
2026-06-07 13:36:39,554 [DEBUG] MARKDOWN: Successfully loaded extension "markdown.extensions.def_list.DefListExtension".
2026-06-07 13:36:39,554 [DEBUG] MARKDOWN: Successfully loaded extension "markdown.extensions.tables.TableExtension".
2026-06-07 13:36:39,555 [DEBUG] MARKDOWN: Successfully loaded extension "markdown.extensions.abbr.AbbrExtension".
2026-06-07 13:36:39,556 [DEBUG] MARKDOWN: Successfully loaded extension "markdown.extensions.md_in_html.MarkdownInHtmlExtension".
2026-06-07 13:36:39,556 [DEBUG] MARKDOWN: Successfully loaded extension "markdown.extensions.extra.ExtraExtension".
2026-06-07 13:36:39,556 [DEBUG] MARKDOWN: Successfully loaded extension "markdown.extensions.toc.TocExtension".
2026-06-07 13:36:39,556 [DEBUG] MARKDOWN: Successfully loaded extension "markdown.extensions.tables.TableExtension".
2026-06-07 13:36:39,557 [DEBUG] MARKDOWN: Successfully loaded extension "markdown.extensions.fenced_code.FencedCodeExtension".
2026-06-07 13:36:39,586 [INFO] ui.info: HTML content loaded into HtmlFrame
2026-06-07 13:36:39,814 [DEBUG] PIL.PngImagePlugin: STREAM b'IHDR' 16 13
2026-06-07 13:36:39,815 [DEBUG] PIL.PngImagePlugin: STREAM b'bKGD' 41 6
2026-06-07 13:36:39,816 [DEBUG] PIL.PngImagePlugin: b'bKGD' 41 6 (unknown)
2026-06-07 13:36:39,817 [DEBUG] PIL.PngImagePlugin: STREAM b'IDAT' 59 713
2026-06-07 13:36:39,822 [DEBUG] PIL.PngImagePlugin: STREAM b'IHDR' 16 13
2026-06-07 13:36:39,823 [DEBUG] PIL.PngImagePlugin: STREAM b'bKGD' 41 6
2026-06-07 13:36:39,824 [DEBUG] PIL.PngImagePlugin: b'bKGD' 41 6 (unknown)
2026-06-07 13:36:39,824 [DEBUG] PIL.PngImagePlugin: STREAM b'IDAT' 59 1180
2026-06-07 13:36:39,827 [DEBUG] PIL.PngImagePlugin: STREAM b'IHDR' 16 13
2026-06-07 13:36:39,827 [DEBUG] PIL.PngImagePlugin: STREAM b'bKGD' 41 6
2026-06-07 13:36:39,828 [DEBUG] PIL.PngImagePlugin: b'bKGD' 41 6 (unknown)
2026-06-07 13:36:39,828 [DEBUG] PIL.PngImagePlugin: STREAM b'IDAT' 59 1106
2026-06-07 13:36:39,833 [DEBUG] PIL.PngImagePlugin: STREAM b'IHDR' 16 13
2026-06-07 13:36:39,833 [DEBUG] PIL.PngImagePlugin: STREAM b'bKGD' 41 6
2026-06-07 13:36:39,834 [DEBUG] PIL.PngImagePlugin: b'bKGD' 41 6 (unknown)
2026-06-07 13:36:39,834 [DEBUG] PIL.PngImagePlugin: STREAM b'IDAT' 59 767
2026-06-07 13:36:39,836 [DEBUG] PIL.PngImagePlugin: STREAM b'IHDR' 16 13
2026-06-07 13:36:39,837 [DEBUG] PIL.PngImagePlugin: STREAM b'bKGD' 41 6
2026-06-07 13:36:39,837 [DEBUG] PIL.PngImagePlugin: b'bKGD' 41 6 (unknown)
2026-06-07 13:36:39,837 [DEBUG] PIL.PngImagePlugin: STREAM b'IDAT' 59 722
2026-06-07 13:36:39,839 [DEBUG] PIL.PngImagePlugin: STREAM b'IHDR' 16 13
2026-06-07 13:36:39,840 [DEBUG] PIL.PngImagePlugin: STREAM b'bKGD' 41 6
2026-06-07 13:36:39,840 [DEBUG] PIL.PngImagePlugin: b'bKGD' 41 6 (unknown)
2026-06-07 13:36:39,840 [DEBUG] PIL.PngImagePlugin: STREAM b'IDAT' 59 952
2026-06-07 13:36:39,843 [DEBUG] PIL.PngImagePlugin: STREAM b'IHDR' 16 13
2026-06-07 13:36:39,846 [DEBUG] PIL.PngImagePlugin: STREAM b'bKGD' 41 6
2026-06-07 13:36:39,846 [DEBUG] PIL.PngImagePlugin: b'bKGD' 41 6 (unknown)
2026-06-07 13:36:39,848 [DEBUG] PIL.PngImagePlugin: STREAM b'IDAT' 59 1337
2026-06-07 13:36:39,849 [DEBUG] PIL.PngImagePlugin: STREAM b'IHDR' 16 13
2026-06-07 13:36:39,849 [DEBUG] PIL.PngImagePlugin: STREAM b'bKGD' 41 6
2026-06-07 13:36:39,849 [DEBUG] PIL.PngImagePlugin: b'bKGD' 41 6 (unknown)
2026-06-07 13:36:39,850 [DEBUG] PIL.PngImagePlugin: STREAM b'IDAT' 59 1179
2026-06-07 13:36:39,851 [DEBUG] PIL.PngImagePlugin: STREAM b'IHDR' 16 13
2026-06-07 13:36:39,852 [DEBUG] PIL.PngImagePlugin: STREAM b'bKGD' 41 6
2026-06-07 13:36:39,852 [DEBUG] PIL.PngImagePlugin: b'bKGD' 41 6 (unknown)
2026-06-07 13:36:39,852 [DEBUG] PIL.PngImagePlugin: STREAM b'IDAT' 59 1200
2026-06-07 13:36:39,853 [DEBUG] PIL.PngImagePlugin: STREAM b'IHDR' 16 13
2026-06-07 13:36:39,853 [DEBUG] PIL.PngImagePlugin: STREAM b'bKGD' 41 6
2026-06-07 13:36:39,853 [DEBUG] PIL.PngImagePlugin: b'bKGD' 41 6 (unknown)
2026-06-07 13:36:39,853 [DEBUG] PIL.PngImagePlugin: STREAM b'IDAT' 59 1975
2026-06-07 13:36:39,854 [DEBUG] PIL.PngImagePlugin: STREAM b'IHDR' 16 13
2026-06-07 13:36:39,855 [DEBUG] PIL.PngImagePlugin: STREAM b'bKGD' 41 6
2026-06-07 13:36:39,855 [DEBUG] PIL.PngImagePlugin: b'bKGD' 41 6 (unknown)
2026-06-07 13:36:39,855 [DEBUG] PIL.PngImagePlugin: STREAM b'IDAT' 59 1791
2026-06-07 13:36:39,859 [DEBUG] PIL.PngImagePlugin: STREAM b'IHDR' 16 13
2026-06-07 13:36:39,860 [DEBUG] PIL.PngImagePlugin: STREAM b'bKGD' 41 6
2026-06-07 13:36:39,860 [DEBUG] PIL.PngImagePlugin: b'bKGD' 41 6 (unknown)
2026-06-07 13:36:39,860 [DEBUG] PIL.PngImagePlugin: STREAM b'IDAT' 59 1737
2026-06-07 13:36:39,860 [DEBUG] PIL.PngImagePlugin: STREAM b'IHDR' 16 13
2026-06-07 13:36:39,860 [DEBUG] PIL.PngImagePlugin: STREAM b'bKGD' 41 6
2026-06-07 13:36:39,860 [DEBUG] PIL.PngImagePlugin: b'bKGD' 41 6 (unknown)
2026-06-07 13:36:39,861 [DEBUG] PIL.PngImagePlugin: STREAM b'IDAT' 59 1810
2026-06-07 13:36:39,861 [DEBUG] PIL.PngImagePlugin: STREAM b'IHDR' 16 13
2026-06-07 13:36:39,861 [DEBUG] PIL.PngImagePlugin: STREAM b'bKGD' 41 6
2026-06-07 13:36:39,862 [DEBUG] PIL.PngImagePlugin: b'bKGD' 41 6 (unknown)
2026-06-07 13:36:39,862 [DEBUG] PIL.PngImagePlugin: STREAM b'IDAT' 59 1184
2026-06-07 13:36:39,862 [DEBUG] PIL.PngImagePlugin: STREAM b'IHDR' 16 13
2026-06-07 13:36:39,863 [DEBUG] PIL.PngImagePlugin: STREAM b'bKGD' 41 6
2026-06-07 13:36:39,863 [DEBUG] PIL.PngImagePlugin: b'bKGD' 41 6 (unknown)
2026-06-07 13:36:39,863 [DEBUG] PIL.PngImagePlugin: STREAM b'IDAT' 59 1437
2026-06-07 13:36:39,863 [DEBUG] PIL.PngImagePlugin: STREAM b'IHDR' 16 13
2026-06-07 13:36:39,863 [DEBUG] PIL.PngImagePlugin: STREAM b'bKGD' 41 6
2026-06-07 13:36:39,863 [DEBUG] PIL.PngImagePlugin: b'bKGD' 41 6 (unknown)
2026-06-07 13:36:39,863 [DEBUG] PIL.PngImagePlugin: STREAM b'IDAT' 59 1792
2026-06-07 13:36:39,864 [DEBUG] PIL.PngImagePlugin: STREAM b'IHDR' 16 13
2026-06-07 13:36:39,864 [DEBUG] PIL.PngImagePlugin: STREAM b'bKGD' 41 6
2026-06-07 13:36:39,864 [DEBUG] PIL.PngImagePlugin: b'bKGD' 41 6 (unknown)
2026-06-07 13:36:39,864 [DEBUG] PIL.PngImagePlugin: STREAM b'IDAT' 59 892
2026-06-07 13:36:39,915 [DEBUG] PIL.PngImagePlugin: STREAM b'IHDR' 16 13
2026-06-07 13:36:39,915 [DEBUG] PIL.PngImagePlugin: STREAM b'bKGD' 41 6
2026-06-07 13:36:39,915 [DEBUG] PIL.PngImagePlugin: b'bKGD' 41 6 (unknown)
2026-06-07 13:36:39,915 [DEBUG] PIL.PngImagePlugin: STREAM b'IDAT' 59 651
2026-06-07 13:36:39,928 [DEBUG] modules.functions.mainFunctions: refreshInputDevices
2026-06-07 13:36:39,948 [DEBUG] modules.functions.mainFunctions: input devices: ['loopMIDI Port 0']
2026-06-07 13:36:39,950 [DEBUG] modules.functions.mainFunctions: refreshOutputDevices
2026-06-07 13:36:39,950 [DEBUG] modules.functions.mainFunctions: output devices: ['Microsoft GS Wavetable Synth 0', 'loopMIDI Port 1']
2026-06-07 13:36:40,500 [DEBUG] PIL.PngImagePlugin: STREAM b'IHDR' 16 13
2026-06-07 13:36:40,501 [DEBUG] PIL.PngImagePlugin: STREAM b'bKGD' 41 6
2026-06-07 13:36:40,502 [DEBUG] PIL.PngImagePlugin: b'bKGD' 41 6 (unknown)
2026-06-07 13:36:40,503 [DEBUG] PIL.PngImagePlugin: STREAM b'IDAT' 59 8192
2026-06-07 13:36:45,140 [INFO] modules.functions.mainFunctions: tabBind: 4
2026-06-07 13:36:45,140 [DEBUG] modules.functions.mainFunctions: clearConsole
2026-06-07 13:36:49,893 [INFO] modules.functions.settingsFunctions: MidiModule selected: win32msg
2026-06-07 13:36:53,905 [INFO] modules.functions.mainFunctions: tabBind: 0
2026-06-07 13:36:53,906 [DEBUG] modules.functions.mainFunctions: clearConsole
2026-06-07 13:37:07,999 [INFO] modules.functions.midiPlayerFunctions: playButton called
2026-06-07 13:37:07,999 [INFO] modules.functions.midiPlayerFunctions: startPlayback called, offset=0.0
2026-06-07 13:37:08,000 [DEBUG] modules.functions.midiPlayerFunctions: startPlayback midiFile: C:\Users\haipr\Documents\nanoMIDIPlayer\Midis\autum.mp3.mid
2026-06-07 13:37:08,088 [DEBUG] modules.functions.mainFunctions: starting logWorker thread
2026-06-07 13:37:08,088 [DEBUG] modules.functions.midiPlayerFunctions: midiHandler.startPlayback called
2026-06-07 13:37:08,090 [DEBUG] modules.functions.mainFunctions: logWorker started
2026-06-07 13:37:08,090 [DEBUG] modules.functions.mainFunctions: Playing MIDI file: C:\Users\haipr\Documents\nanoMIDIPlayer\Midis\autum.mp3.mid
2026-06-07 13:37:08,409 [DEBUG] modules.functions.mainFunctions: press: space
2026-06-07 13:37:08,839 [DEBUG] modules.functions.mainFunctions: release: space
2026-06-07 13:37:08,923 [DEBUG] modules.functions.mainFunctions: press: alt
2026-06-07 13:37:08,974 [DEBUG] modules.functions.mainFunctions: press: /+space
2026-06-07 13:37:09,095 [DEBUG] modules.functions.mainFunctions: press: /+alt+space
2026-06-07 13:37:09,148 [DEBUG] modules.functions.mainFunctions: press: .+space
2026-06-07 13:37:09,318 [DEBUG] modules.functions.mainFunctions: release: .+space
2026-06-07 13:37:09,369 [DEBUG] modules.functions.mainFunctions: press: /+e
2026-06-07 13:37:09,420 [DEBUG] modules.functions.mainFunctions: release: /+e
2026-06-07 13:37:09,478 [DEBUG] modules.functions.mainFunctions: press: /+e+space
2026-06-07 13:37:09,778 [DEBUG] modules.functions.mainFunctions: press: /+alt+e+space
2026-06-07 13:37:09,831 [DEBUG] modules.functions.mainFunctions: press: /+p+space
2026-06-07 13:37:10,202 [DEBUG] modules.functions.mainFunctions: press: /+alt+p+space
2026-06-07 13:37:10,255 [DEBUG] modules.functions.mainFunctions: press: p+s+space
2026-06-07 13:37:10,639 [DEBUG] modules.functions.mainFunctions: press: alt+p+s+space
2026-06-07 13:37:10,693 [DEBUG] modules.functions.mainFunctions: press: h+m+s
2026-06-07 13:37:11,886 [DEBUG] modules.functions.mainFunctions: press: alt+h+m+s
2026-06-07 13:37:11,940 [DEBUG] modules.functions.mainFunctions: press: b+h+m
2026-06-07 13:37:12,078 [DEBUG] modules.functions.mainFunctions: release: b+h+m
2026-06-07 13:37:12,129 [DEBUG] modules.functions.mainFunctions: press: /+b+h+m
2026-06-07 13:37:12,295 [DEBUG] modules.functions.mainFunctions: press: /+alt+b+h+m
2026-06-07 13:37:12,349 [DEBUG] modules.functions.mainFunctions: press: .+/+b+h
2026-06-07 13:37:12,488 [DEBUG] modules.functions.mainFunctions: release: .+b+h
2026-06-07 13:37:12,539 [DEBUG] modules.functions.mainFunctions: release: /+w
2026-06-07 13:37:12,659 [DEBUG] modules.functions.mainFunctions: press: /+space+w
2026-06-07 13:37:12,951 [DEBUG] modules.functions.mainFunctions: press: /+alt+space+w
2026-06-07 13:37:13,003 [DEBUG] modules.functions.mainFunctions: press: /+p+space+w
2026-06-07 13:37:13,397 [DEBUG] modules.functions.mainFunctions: press: /+alt+p+space+w
2026-06-07 13:37:13,449 [DEBUG] modules.functions.mainFunctions: press: a+p+space+w
2026-06-07 13:37:13,784 [DEBUG] modules.functions.mainFunctions: press: a+alt+p+space+w
2026-06-07 13:37:13,835 [DEBUG] modules.functions.mainFunctions: press: a+l+p+space
2026-06-07 13:37:13,886 [DEBUG] modules.functions.mainFunctions: press: '+a+f+l
2026-06-07 13:37:13,938 [DEBUG] modules.functions.mainFunctions: press: '+b+f
2026-06-07 13:37:15,268 [DEBUG] modules.functions.mainFunctions: release: '+b+f
2026-06-07 13:37:15,319 [DEBUG] modules.functions.mainFunctions: press: '+/+b+f
2026-06-07 13:37:15,494 [DEBUG] modules.functions.mainFunctions: press: '+/+alt+b+f
2026-06-07 13:37:15,546 [DEBUG] modules.functions.mainFunctions: press: .+/+b+f
2026-06-07 13:37:15,599 [DEBUG] modules.functions.mainFunctions: release: .+/+b+f
2026-06-07 13:37:15,662 [DEBUG] modules.functions.mainFunctions: release: .+/+b+f
2026-06-07 13:37:15,714 [DEBUG] modules.functions.mainFunctions: press: =
2026-06-07 13:37:15,768 [DEBUG] modules.functions.mainFunctions: press: =+space
2026-06-07 13:37:15,860 [INFO] modules.functions.midiPlayerFunctions: pausePlayback called
2026-06-07 13:37:15,860 [DEBUG] modules.functions.midiPlayerFunctions: midiHandler.paused: True
2026-06-07 13:37:15,860 [DEBUG] modules.functions.mainFunctions: Playback paused.
2026-06-07 13:37:15,871 [DEBUG] modules.functions.midiPlayerFunctions: pausePlayback state updated
2026-06-07 13:37:17,165 [INFO] modules.functions.midiPlayerFunctions: pausePlayback called
2026-06-07 13:37:17,166 [DEBUG] modules.functions.midiPlayerFunctions: midiHandler.paused: False
2026-06-07 13:37:17,166 [DEBUG] modules.functions.mainFunctions: Playback resumed.
2026-06-07 13:37:17,177 [DEBUG] modules.functions.midiPlayerFunctions: pausePlayback state updated
2026-06-07 13:37:17,859 [DEBUG] modules.functions.mainFunctions: press: =+alt+space
2026-06-07 13:37:17,911 [DEBUG] modules.functions.mainFunctions: release: b+l
2026-06-07 13:37:17,962 [DEBUG] modules.functions.mainFunctions: press: b+space+w
2026-06-07 13:37:18,014 [DEBUG] modules.functions.mainFunctions: release: b+space+w
2026-06-07 13:37:18,657 [DEBUG] modules.functions.mainFunctions: release: b+space+w
2026-06-07 13:37:18,708 [DEBUG] modules.functions.mainFunctions: press: b+l+space+w
2026-06-07 13:37:18,760 [DEBUG] modules.functions.mainFunctions: release: l
2026-06-07 13:37:18,812 [DEBUG] modules.functions.mainFunctions: press: e+m
2026-06-07 13:37:18,864 [DEBUG] modules.functions.mainFunctions: release: e+m
2026-06-07 13:37:18,915 [DEBUG] modules.functions.mainFunctions: press: e+m+space
2026-06-07 13:37:19,247 [DEBUG] modules.functions.mainFunctions: press: alt+e+m+space
2026-06-07 13:37:19,299 [DEBUG] modules.functions.mainFunctions: press: m+p+space
2026-06-07 13:37:19,379 [INFO] modules.functions.midiPlayerFunctions: pausePlayback called
2026-06-07 13:37:19,380 [DEBUG] modules.functions.midiPlayerFunctions: midiHandler.paused: True
2026-06-07 13:37:19,380 [DEBUG] modules.functions.mainFunctions: Playback paused.
2026-06-07 13:37:19,392 [DEBUG] modules.functions.midiPlayerFunctions: pausePlayback state updated
2026-06-07 13:37:25,262 [INFO] modules.functions.midiPlayerFunctions: pausePlayback called
2026-06-07 13:37:25,263 [DEBUG] modules.functions.midiPlayerFunctions: midiHandler.paused: False
2026-06-07 13:37:25,263 [DEBUG] modules.functions.mainFunctions: Playback resumed.
2026-06-07 13:37:25,282 [DEBUG] modules.functions.midiPlayerFunctions: pausePlayback state updated
2026-06-07 13:37:25,573 [DEBUG] modules.functions.mainFunctions: release: m+space
2026-06-07 13:37:25,626 [DEBUG] modules.functions.mainFunctions: press: down+p+s
2026-06-07 13:37:26,060 [DEBUG] modules.functions.mainFunctions: press: alt+down+p+s
2026-06-07 13:37:26,113 [DEBUG] modules.functions.mainFunctions: press: h+right+s
2026-06-07 13:37:26,522 [DEBUG] modules.functions.mainFunctions: release: h+right+s
2026-06-07 13:37:26,574 [DEBUG] modules.functions.mainFunctions: press: c+h+right+s
2026-06-07 13:37:26,625 [DEBUG] modules.functions.mainFunctions: release: c+n
2026-06-07 13:37:26,678 [DEBUG] modules.functions.mainFunctions: press: c+down+n
2026-06-07 13:37:26,729 [DEBUG] modules.functions.mainFunctions: press: c+down+n+space
2026-06-07 13:37:27,706 [INFO] modules.functions.midiPlayerFunctions: pausePlayback called
2026-06-07 13:37:27,706 [DEBUG] modules.functions.midiPlayerFunctions: midiHandler.paused: True
2026-06-07 13:37:27,707 [DEBUG] modules.functions.mainFunctions: Playback paused.
2026-06-07 13:37:27,721 [DEBUG] modules.functions.midiPlayerFunctions: pausePlayback state updated
2026-06-07 13:37:28,352 [INFO] modules.functions.mainFunctions: tabBind: 4
2026-06-07 13:37:28,352 [DEBUG] modules.functions.mainFunctions: clearConsole
2026-06-07 13:38:18,953 [INFO] modules.functions.mainFunctions: tabBind: 0
2026-06-07 13:38:18,954 [DEBUG] modules.functions.mainFunctions: clearConsole
2026-06-07 13:38:20,108 [INFO] modules.functions.midiPlayerFunctions: playButton called
2026-06-07 13:38:20,109 [INFO] modules.functions.midiPlayerFunctions: pausePlayback called
2026-06-07 13:38:20,109 [DEBUG] modules.functions.midiPlayerFunctions: midiHandler.paused: False
2026-06-07 13:38:20,110 [DEBUG] modules.functions.mainFunctions: Playback resumed.
2026-06-07 13:38:20,113 [DEBUG] modules.functions.midiPlayerFunctions: pausePlayback state updated
2026-06-07 13:38:20,167 [DEBUG] modules.functions.mainFunctions: release: c+down+n+space
2026-06-07 13:38:20,237 [DEBUG] modules.functions.mainFunctions: release: down+n+space
2026-06-07 13:38:20,287 [DEBUG] modules.functions.mainFunctions: release: down+space
2026-06-07 13:38:20,591 [DEBUG] modules.functions.mainFunctions: press: alt+down+space
2026-06-07 13:38:20,644 [DEBUG] modules.functions.mainFunctions: press: /+n+space
2026-06-07 13:38:22,063 [INFO] modules.functions.midiPlayerFunctions: playButton called
2026-06-07 13:38:22,063 [INFO] modules.functions.midiPlayerFunctions: pausePlayback called
2026-06-07 13:38:22,064 [DEBUG] modules.functions.midiPlayerFunctions: midiHandler.paused: True
2026-06-07 13:38:22,064 [DEBUG] modules.functions.mainFunctions: Playback paused.
2026-06-07 13:38:22,065 [DEBUG] modules.functions.midiPlayerFunctions: pausePlayback state updated
2026-06-07 13:38:24,462 [INFO] modules.functions.midiPlayerFunctions: playButton called
2026-06-07 13:38:24,463 [INFO] modules.functions.midiPlayerFunctions: pausePlayback called
2026-06-07 13:38:24,464 [DEBUG] modules.functions.midiPlayerFunctions: midiHandler.paused: False
2026-06-07 13:38:24,464 [DEBUG] modules.functions.mainFunctions: Playback resumed.
2026-06-07 13:38:24,466 [DEBUG] modules.functions.midiPlayerFunctions: pausePlayback state updated
2026-06-07 13:38:24,539 [DEBUG] modules.functions.mainFunctions: press: /+alt+n+space
2026-06-07 13:38:24,591 [DEBUG] modules.functions.mainFunctions: press: '+/+n
2026-06-07 13:38:24,642 [DEBUG] modules.functions.mainFunctions: press: '+n+x
2026-06-07 13:38:24,712 [DEBUG] modules.functions.mainFunctions: press: '+n+space+x
2026-06-07 13:38:25,096 [DEBUG] modules.functions.mainFunctions: press: '+alt+n+o+space+x
2026-06-07 13:38:25,150 [DEBUG] modules.functions.mainFunctions: press: '+b+space+x
2026-06-07 13:38:25,313 [DEBUG] modules.functions.mainFunctions: press: '+alt+b+space+x
2026-06-07 13:38:25,368 [DEBUG] modules.functions.mainFunctions: press: b+l+space+x
2026-06-07 13:38:25,561 [DEBUG] modules.functions.mainFunctions: release: b+l+space+x
2026-06-07 13:38:25,613 [DEBUG] modules.functions.mainFunctions: release: 0+b+l+x
2026-06-07 13:38:25,665 [DEBUG] modules.functions.mainFunctions: release: 0+b+l
2026-06-07 13:38:25,717 [DEBUG] modules.functions.mainFunctions: press: 0+b+l+space
2026-06-07 13:38:25,982 [DEBUG] modules.functions.mainFunctions: release: 0+l+space
2026-06-07 13:38:26,033 [DEBUG] modules.functions.mainFunctions: press: 0+l+space+t
2026-06-07 13:38:26,448 [DEBUG] modules.functions.mainFunctions: press: 0+alt+l+space+t
2026-06-07 13:38:26,499 [DEBUG] modules.functions.mainFunctions: press: 0+]+space+t
2026-06-07 13:38:26,903 [DEBUG] modules.functions.mainFunctions: release: 0+space+t
2026-06-07 13:38:26,955 [DEBUG] modules.functions.mainFunctions: press: ]+a+f+t
2026-06-07 13:38:27,380 [INFO] modules.functions.midiPlayerFunctions: pausePlayback called
2026-06-07 13:38:27,381 [DEBUG] modules.functions.midiPlayerFunctions: midiHandler.paused: True
2026-06-07 13:38:27,381 [DEBUG] modules.functions.mainFunctions: Playback paused.
2026-06-07 13:38:27,392 [DEBUG] modules.functions.midiPlayerFunctions: pausePlayback state updated
2026-06-07 13:39:14,212 [INFO] modules.functions.midiPlayerFunctions: playButton called
2026-06-07 13:39:14,213 [INFO] modules.functions.midiPlayerFunctions: pausePlayback called
2026-06-07 13:39:14,214 [DEBUG] modules.functions.midiPlayerFunctions: midiHandler.paused: False
2026-06-07 13:39:14,214 [DEBUG] modules.functions.mainFunctions: Playback resumed.
2026-06-07 13:39:14,217 [DEBUG] modules.functions.midiPlayerFunctions: pausePlayback state updated
2026-06-07 13:39:14,683 [DEBUG] modules.functions.mainFunctions: press: ]+a+alt+f+t
2026-06-07 13:39:14,735 [DEBUG] modules.functions.mainFunctions: press: '+]+a+f
2026-06-07 13:39:15,110 [DEBUG] modules.functions.mainFunctions: press: '+]+a+alt+f
2026-06-07 13:39:15,163 [DEBUG] modules.functions.mainFunctions: press: '+]+f+x
2026-06-07 13:39:15,542 [DEBUG] modules.functions.mainFunctions: press: '+]+alt+f+x
2026-06-07 13:39:15,594 [DEBUG] modules.functions.mainFunctions: press: '+f+m+x
2026-06-07 13:39:15,951 [DEBUG] modules.functions.mainFunctions: release: '+f+x
2026-06-07 13:39:16,003 [DEBUG] modules.functions.mainFunctions: press: m+o
2026-06-07 13:39:16,122 [DEBUG] modules.functions.mainFunctions: press: m+o+space
2026-06-07 13:39:16,432 [DEBUG] modules.functions.mainFunctions: press: alt+m+o+space
2026-06-07 13:39:16,483 [DEBUG] modules.functions.mainFunctions: press: f+o+space
2026-06-07 13:39:16,865 [DEBUG] modules.functions.mainFunctions: press: alt+f+o+space
2026-06-07 13:39:16,916 [DEBUG] modules.functions.mainFunctions: press: '+f
2026-06-07 13:39:17,300 [DEBUG] modules.functions.mainFunctions: press: '+alt+f
2026-06-07 13:39:17,351 [DEBUG] modules.functions.mainFunctions: press: '+b
2026-06-07 13:39:18,193 [DEBUG] modules.functions.mainFunctions: release: '+b
2026-06-07 13:39:18,244 [DEBUG] modules.functions.mainFunctions: press: '+b+f
2026-06-07 13:39:18,657 [DEBUG] modules.functions.mainFunctions: press: '+alt+b+f
2026-06-07 13:39:18,708 [DEBUG] modules.functions.mainFunctions: press: b+f+k
2026-06-07 13:39:19,062 [DEBUG] modules.functions.mainFunctions: release: b+f+k
2026-06-07 13:39:19,114 [DEBUG] modules.functions.mainFunctions: press: '+b+f+k
2026-06-07 13:39:19,483 [DEBUG] modules.functions.mainFunctions: release: '+b+f+k
2026-06-07 13:39:19,533 [DEBUG] modules.functions.mainFunctions: release: '
2026-06-07 13:39:19,584 [DEBUG] modules.functions.mainFunctions: press: l+u
2026-06-07 13:39:19,636 [DEBUG] modules.functions.mainFunctions: press: l+space+u
2026-06-07 13:39:20,016 [DEBUG] modules.functions.mainFunctions: press: alt+l+space+u
2026-06-07 13:39:20,067 [DEBUG] modules.functions.mainFunctions: press: a+l+space
2026-06-07 13:39:20,429 [DEBUG] modules.functions.mainFunctions: press: a+alt+l+space
2026-06-07 13:39:20,481 [DEBUG] modules.functions.mainFunctions: press: a+h+space
2026-06-07 13:39:20,884 [DEBUG] modules.functions.mainFunctions: press: a+alt+h+space
2026-06-07 13:39:20,936 [DEBUG] modules.functions.mainFunctions: press: a+h+x
2026-06-07 13:39:21,301 [DEBUG] modules.functions.mainFunctions: release: a+h
2026-06-07 13:39:21,353 [DEBUG] modules.functions.mainFunctions: release: a+h+x
2026-06-07 13:39:21,442 [DEBUG] modules.functions.mainFunctions: press: a+h+space+x
2026-06-07 13:39:21,737 [DEBUG] modules.functions.mainFunctions: press: a+alt+h+space+x
2026-06-07 13:39:21,789 [DEBUG] modules.functions.mainFunctions: press: a+h+m+space+x
2026-06-07 13:39:22,159 [DEBUG] modules.functions.mainFunctions: press: a+alt+h+m+space+x
2026-06-07 13:39:22,211 [DEBUG] modules.functions.mainFunctions: press: .+h+m+space+x
2026-06-07 13:39:22,609 [DEBUG] modules.functions.mainFunctions: press: .+alt+h+m+space+x
2026-06-07 13:39:22,660 [DEBUG] modules.functions.mainFunctions: press: .+/+m+space+x
2026-06-07 13:39:22,997 [DEBUG] modules.functions.mainFunctions: release: .+/+m+space
2026-06-07 13:39:23,048 [DEBUG] modules.functions.mainFunctions: press: .
2026-06-07 13:39:23,099 [DEBUG] modules.functions.mainFunctions: release: .
2026-06-07 13:39:23,151 [DEBUG] modules.functions.mainFunctions: press: .+space
2026-06-07 13:39:23,272 [INFO] modules.functions.midiPlayerFunctions: pausePlayback called
2026-06-07 13:39:23,273 [DEBUG] modules.functions.midiPlayerFunctions: midiHandler.paused: True
2026-06-07 13:39:23,273 [DEBUG] modules.functions.mainFunctions: Playback paused.
2026-06-07 13:39:23,281 [DEBUG] modules.functions.midiPlayerFunctions: pausePlayback state updated
2026-06-07 13:39:56,720 [INFO] modules.functions.mainFunctions: tabBind: 4
2026-06-07 13:39:56,720 [DEBUG] modules.functions.mainFunctions: clearConsole
2026-06-07 13:40:02,057 [INFO] modules.functions.mainFunctions: tabBind: 0
2026-06-07 13:40:02,057 [DEBUG] modules.functions.mainFunctions: clearConsole
2026-06-07 13:40:03,710 [INFO] modules.functions.midiPlayerFunctions: pausePlayback called
2026-06-07 13:40:03,711 [DEBUG] modules.functions.midiPlayerFunctions: midiHandler.paused: False
2026-06-07 13:40:03,711 [DEBUG] modules.functions.mainFunctions: Playback resumed.
2026-06-07 13:40:03,723 [DEBUG] modules.functions.midiPlayerFunctions: pausePlayback state updated
2026-06-07 13:40:03,905 [DEBUG] modules.functions.mainFunctions: press: .+alt+space
2026-06-07 13:40:03,956 [DEBUG] modules.functions.mainFunctions: press: .+o+space
2026-06-07 13:40:04,314 [DEBUG] modules.functions.mainFunctions: press: .+alt+o+space
2026-06-07 13:40:04,366 [DEBUG] modules.functions.mainFunctions: press: a+o+space
2026-06-07 13:40:04,753 [DEBUG] modules.functions.mainFunctions: press: a+alt+o+space
2026-06-07 13:40:04,807 [DEBUG] modules.functions.mainFunctions: press: a+f+o
2026-06-07 13:40:05,591 [DEBUG] modules.functions.mainFunctions: press: a+alt+f+o
2026-06-07 13:40:05,643 [DEBUG] modules.functions.mainFunctions: press: a+b+f
2026-06-07 13:40:06,017 [DEBUG] modules.functions.mainFunctions: press: a+alt+b+f
2026-06-07 13:40:06,069 [DEBUG] modules.functions.mainFunctions: press: b+f+m
2026-06-07 13:40:06,452 [DEBUG] modules.functions.mainFunctions: press: alt+b+f+m
2026-06-07 13:40:06,505 [DEBUG] modules.functions.mainFunctions: press: b+l+m
2026-06-07 13:40:06,885 [DEBUG] modules.functions.mainFunctions: press: alt+b+l+m
2026-06-07 13:40:06,938 [DEBUG] modules.functions.mainFunctions: release: e
2026-06-07 13:40:07,039 [DEBUG] modules.functions.mainFunctions: press: e+space
2026-06-07 13:40:07,170 [DEBUG] modules.functions.mainFunctions: release: space
2026-06-07 13:40:07,306 [DEBUG] modules.functions.mainFunctions: press: alt+space
2026-06-07 13:40:07,358 [DEBUG] modules.functions.mainFunctions: press: p+space
2026-06-07 13:40:07,745 [DEBUG] modules.functions.mainFunctions: press: alt+p+space
2026-06-07 13:40:07,797 [DEBUG] modules.functions.mainFunctions: press: p+s
2026-06-07 13:40:08,195 [DEBUG] modules.functions.mainFunctions: press: alt+p+s
2026-06-07 13:40:08,247 [DEBUG] modules.functions.mainFunctions: press: f+s
2026-06-07 13:40:09,011 [INFO] modules.functions.midiPlayerFunctions: pausePlayback called
2026-06-07 13:40:09,012 [DEBUG] modules.functions.midiPlayerFunctions: midiHandler.paused: True
2026-06-07 13:40:09,012 [DEBUG] modules.functions.mainFunctions: Playback paused.
2026-06-07 13:40:09,024 [DEBUG] modules.functions.midiPlayerFunctions: pausePlayback state updated
2026-06-07 13:40:10,755 [INFO] modules.functions.midiPlayerFunctions: pausePlayback called
2026-06-07 13:40:10,756 [DEBUG] modules.functions.midiPlayerFunctions: midiHandler.paused: False
2026-06-07 13:40:10,756 [DEBUG] modules.functions.mainFunctions: Playback resumed.
2026-06-07 13:40:10,766 [DEBUG] modules.functions.midiPlayerFunctions: pausePlayback state updated
2026-06-07 13:40:10,815 [DEBUG] modules.functions.mainFunctions: press: alt+f+s
2026-06-07 13:40:10,866 [DEBUG] modules.functions.mainFunctions: press: b+f
2026-06-07 13:40:11,226 [DEBUG] modules.functions.mainFunctions: press: alt+b+f
2026-06-07 13:40:11,280 [DEBUG] modules.functions.mainFunctions: press: b+m
2026-06-07 13:40:11,650 [DEBUG] modules.functions.mainFunctions: press: alt+b+m
2026-06-07 13:40:11,703 [DEBUG] modules.functions.mainFunctions: release: l+m
2026-06-07 13:40:12,084 [DEBUG] modules.functions.mainFunctions: release: l+m
2026-06-07 13:40:12,135 [DEBUG] modules.functions.mainFunctions: press: l+m+w
2026-06-07 13:40:12,187 [DEBUG] modules.functions.mainFunctions: press: l+m+space+w
2026-06-07 13:40:12,524 [DEBUG] modules.functions.mainFunctions: press: alt+l+m+space+w
2026-06-07 13:40:12,576 [DEBUG] modules.functions.mainFunctions: press: l+p+space+w
2026-06-07 13:40:12,944 [DEBUG] modules.functions.mainFunctions: press: alt+l+p+space+w
2026-06-07 13:40:12,996 [DEBUG] modules.functions.mainFunctions: press: a+p+space+w
2026-06-07 13:40:13,394 [DEBUG] modules.functions.mainFunctions: press: a+alt+p+space+w
2026-06-07 13:40:13,446 [DEBUG] modules.functions.mainFunctions: press: a+f+p+space
2026-06-07 13:40:14,311 [DEBUG] modules.functions.mainFunctions: release: a+f+space
2026-06-07 13:40:14,362 [DEBUG] modules.functions.mainFunctions: press: a+f+p+space
2026-06-07 13:40:14,751 [DEBUG] modules.functions.mainFunctions: release: f+p+space
2026-06-07 13:40:14,803 [DEBUG] modules.functions.mainFunctions: press: a+f+p+space
2026-06-07 13:40:15,242 [DEBUG] modules.functions.mainFunctions: release: a+f+p+space
2026-06-07 13:40:15,293 [DEBUG] modules.functions.mainFunctions: press: a+f+l+p+space
2026-06-07 13:40:15,551 [INFO] modules.functions.midiPlayerFunctions: pausePlayback called
2026-06-07 13:40:15,552 [DEBUG] modules.functions.midiPlayerFunctions: midiHandler.paused: True
2026-06-07 13:40:15,552 [DEBUG] modules.functions.mainFunctions: Playback paused.
2026-06-07 13:40:15,568 [DEBUG] modules.functions.midiPlayerFunctions: pausePlayback state updated
2026-06-07 13:41:14,467 [INFO] modules.functions.mainFunctions: tabBind: 8
2026-06-07 13:41:14,468 [DEBUG] modules.functions.mainFunctions: clearConsole
2026-06-07 13:41:17,571 [INFO] modules.functions.mainFunctions: tabBind: 0
2026-06-07 13:41:17,572 [DEBUG] modules.functions.mainFunctions: clearConsole
2026-06-07 13:41:24,768 [INFO] modules.functions.mainFunctions: tabBind: 4
2026-06-07 13:41:24,769 [DEBUG] modules.functions.mainFunctions: clearConsole
2026-06-07 13:41:57,581 [INFO] modules.functions.mainFunctions: tabBind: 0
2026-06-07 13:41:57,582 [DEBUG] modules.functions.mainFunctions: clearConsole
2026-06-07 13:41:59,371 [INFO] modules.functions.midiPlayerFunctions: pausePlayback called
2026-06-07 13:41:59,371 [DEBUG] modules.functions.midiPlayerFunctions: midiHandler.paused: False
2026-06-07 13:41:59,372 [DEBUG] modules.functions.mainFunctions: Playback resumed.
2026-06-07 13:41:59,380 [DEBUG] modules.functions.midiPlayerFunctions: pausePlayback state updated
2026-06-07 13:41:59,465 [DEBUG] modules.functions.mainFunctions: release: a+f+l+p+space
2026-06-07 13:41:59,516 [DEBUG] modules.functions.mainFunctions: release: 8+a+b+p
2026-06-07 13:41:59,569 [DEBUG] modules.functions.mainFunctions: release: 8+b
2026-06-07 13:41:59,655 [DEBUG] modules.functions.mainFunctions: press: 8+b+space
2026-06-07 13:41:59,908 [DEBUG] modules.functions.mainFunctions: press: 8+alt+b+space
2026-06-07 13:41:59,960 [DEBUG] modules.functions.mainFunctions: press: 8+c+e+space
2026-06-07 13:42:00,315 [DEBUG] modules.functions.mainFunctions: release: 8+e+space
2026-06-07 13:42:00,367 [DEBUG] modules.functions.mainFunctions: press: c+e+i+space
2026-06-07 13:42:00,731 [DEBUG] modules.functions.mainFunctions: press: alt+c+e+i+space
2026-06-07 13:42:00,783 [DEBUG] modules.functions.mainFunctions: press: ]+c+i+x
2026-06-07 13:42:01,166 [DEBUG] modules.functions.mainFunctions: release: ]+c+i
2026-06-07 13:42:01,217 [DEBUG] modules.functions.mainFunctions: press: ]+i+s+x
2026-06-07 13:42:01,630 [DEBUG] modules.functions.mainFunctions: press: ]+alt+i+s+x
2026-06-07 13:42:01,683 [DEBUG] modules.functions.mainFunctions: press: '+]+s+x
2026-06-07 13:42:02,041 [DEBUG] modules.functions.mainFunctions: press: '+]+alt+s+x
2026-06-07 13:42:02,093 [DEBUG] modules.functions.mainFunctions: press: '+l+s+x
2026-06-07 13:42:02,446 [DEBUG] modules.functions.mainFunctions: release: l+s+x
2026-06-07 13:42:02,498 [DEBUG] modules.functions.mainFunctions: press: '+l+s+x
2026-06-07 13:42:02,549 [DEBUG] modules.functions.mainFunctions: release: '+l+s+x
2026-06-07 13:42:02,601 [DEBUG] modules.functions.mainFunctions: press: '+l+s+space+x
2026-06-07 13:42:02,870 [DEBUG] modules.functions.mainFunctions: release: '+l+s+x
2026-06-07 13:42:02,922 [DEBUG] modules.functions.mainFunctions: release: '+t
2026-06-07 13:42:03,006 [DEBUG] modules.functions.mainFunctions: press: '+space+t
2026-06-07 13:42:03,306 [DEBUG] modules.functions.mainFunctions: press: '+alt+space+t
2026-06-07 13:42:03,358 [DEBUG] modules.functions.mainFunctions: press: '+]+space+t
2026-06-07 13:42:03,710 [DEBUG] modules.functions.mainFunctions: press: '+]+alt+space+t
2026-06-07 13:42:03,761 [DEBUG] modules.functions.mainFunctions: press: ]+f+space+t
2026-06-07 13:42:04,140 [DEBUG] modules.functions.mainFunctions: press: ]+alt+f+space+t
2026-06-07 13:42:04,192 [DEBUG] modules.functions.mainFunctions: press: ]+f+l+space
2026-06-07 13:42:04,572 [DEBUG] modules.functions.mainFunctions: press: ]+alt+f+l+space
2026-06-07 13:42:04,624 [DEBUG] modules.functions.mainFunctions: press: ]+f+k+l
2026-06-07 13:42:04,779 [INFO] modules.functions.midiPlayerFunctions: pausePlayback called
2026-06-07 13:42:04,780 [DEBUG] modules.functions.midiPlayerFunctions: midiHandler.paused: True
2026-06-07 13:42:04,780 [DEBUG] modules.functions.mainFunctions: Playback paused.
2026-06-07 13:42:04,792 [DEBUG] modules.functions.midiPlayerFunctions: pausePlayback state updated
2026-06-07 13:42:07,500 [INFO] modules.functions.midiPlayerFunctions: pausePlayback called
2026-06-07 13:42:07,501 [DEBUG] modules.functions.midiPlayerFunctions: midiHandler.paused: False
2026-06-07 13:42:07,501 [DEBUG] modules.functions.mainFunctions: Playback resumed.
2026-06-07 13:42:07,510 [DEBUG] modules.functions.midiPlayerFunctions: pausePlayback state updated
2026-06-07 13:42:07,717 [DEBUG] modules.functions.mainFunctions: press: ]+alt+f+k+l
2026-06-07 13:42:07,769 [DEBUG] modules.functions.mainFunctions: press: f+k+l+x
2026-06-07 13:42:08,121 [DEBUG] modules.functions.mainFunctions: press: alt+f+k+l+x
2026-06-07 13:42:08,173 [DEBUG] modules.functions.mainFunctions: press: b+k+l+x
2026-06-07 13:42:08,225 [DEBUG] modules.functions.mainFunctions: release: b+k+l+x
2026-06-07 13:42:08,445 [INFO] modules.functions.midiPlayerFunctions: pausePlayback called
2026-06-07 13:42:08,446 [DEBUG] modules.functions.midiPlayerFunctions: midiHandler.paused: True
2026-06-07 13:42:08,446 [DEBUG] modules.functions.mainFunctions: Playback paused.
2026-06-07 13:42:08,458 [DEBUG] modules.functions.midiPlayerFunctions: pausePlayback state updated
2026-06-07 13:42:08,916 [INFO] modules.functions.midiPlayerFunctions: switchUseMIDI called
2026-06-07 13:42:08,921 [DEBUG] modules.functions.mainFunctions: clearConsole
2026-06-07 13:42:08,927 [DEBUG] modules.functions.mainFunctions: refreshOutputDevices
2026-06-07 13:42:08,929 [DEBUG] modules.functions.mainFunctions: output devices: ['Microsoft GS Wavetable Synth 0', 'loopMIDI Port 1']
2026-06-07 13:42:08,935 [DEBUG] modules.functions.mainFunctions: -------< WARNING >-------   This will not press keys for you!
2026-06-07 13:42:09,271 [INFO] modules.functions.midiPlayerFunctions: pausePlayback called
2026-06-07 13:42:09,272 [DEBUG] modules.functions.midiPlayerFunctions: useOutput.paused: True
2026-06-07 13:42:09,272 [DEBUG] modules.functions.mainFunctions: Playback paused.
2026-06-07 13:42:09,281 [DEBUG] modules.functions.midiPlayerFunctions: pausePlayback state updated
2026-06-07 13:42:10,561 [INFO] modules.functions.midiPlayerFunctions: pausePlayback called
2026-06-07 13:42:10,562 [DEBUG] modules.functions.midiPlayerFunctions: useOutput.paused: False
2026-06-07 13:42:10,562 [DEBUG] modules.functions.mainFunctions: Playback resumed.
2026-06-07 13:42:10,569 [DEBUG] modules.functions.midiPlayerFunctions: pausePlayback state updated
2026-06-07 13:42:12,965 [INFO] modules.functions.midiPlayerFunctions: stopPlayback called
2026-06-07 13:42:12,966 [DEBUG] modules.functions.midiPlayerFunctions: useOutput.stopPlayback called
2026-06-07 13:42:12,966 [DEBUG] modules.functions.mainFunctions: Playback fully stopped.
2026-06-07 13:42:12,985 [DEBUG] modules.functions.midiPlayerFunctions: stopPlayback completed
2026-06-07 13:42:12,985 [INFO] modules.functions.midiPlayerFunctions: startPlayback called, offset=0.0
2026-06-07 13:42:12,986 [DEBUG] modules.functions.midiPlayerFunctions: startPlayback midiFile: C:\Users\haipr\Documents\nanoMIDIPlayer\Midis\autum.mp3.mid
2026-06-07 13:42:12,986 [DEBUG] modules.functions.midiPlayerFunctions: outputDevice selected: Microsoft GS Wavetable Synth 0
2026-06-07 13:42:13,089 [DEBUG] modules.functions.midiPlayerFunctions: useOutput.startPlayback called
2026-06-07 13:42:13,140 [DEBUG] modules.functions.mainFunctions: Playing MIDI file: C:\Users\haipr\Documents\nanoMIDIPlayer\Midis\autum.mp3.mid
2026-06-07 13:42:13,462 [DEBUG] modules.functions.mainFunctions: control_change channel=0 control=64 value=127 time=0.3098958333333333
2026-06-07 13:42:13,838 [DEBUG] modules.functions.mainFunctions: control_change channel=0 control=64 value=0 time=0.4296875
2026-06-07 13:42:13,922 [DEBUG] modules.functions.mainFunctions: note_on channel=0 note=81 velocity=76 time=0.08463541666666666
2026-06-07 13:42:13,973 [DEBUG] modules.functions.mainFunctions: control_change channel=0 control=64 value=127 time=0.024739583333333332
2026-06-07 13:42:14,095 [DEBUG] modules.functions.mainFunctions: note_on channel=0 note=80 velocity=78 time=0.14713541666666666
2026-06-07 13:42:14,317 [DEBUG] modules.functions.mainFunctions: note_on channel=0 note=81 velocity=0 time=0.22265625
2026-06-07 13:42:14,369 [DEBUG] modules.functions.mainFunctions: note_on channel=0 note=50 velocity=65 time=0.0013020833333333333
2026-06-07 13:42:14,420 [DEBUG] modules.functions.mainFunctions: note_on channel=0 note=80 velocity=0 time=0.016927083333333332
2026-06-07 13:42:14,477 [DEBUG] modules.functions.mainFunctions: control_change channel=0 control=64 value=127 time=0.09895833333333333
2026-06-07 13:42:14,777 [DEBUG] modules.functions.mainFunctions: note_on channel=0 note=57 velocity=46 time=0.29947916666666663
2026-06-07 13:42:15,201 [DEBUG] modules.functions.mainFunctions: note_on channel=0 note=62 velocity=54 time=0.42447916666666663
2026-06-07 13:42:15,638 [DEBUG] modules.functions.mainFunctions: note_on channel=0 note=78 velocity=82 time=0.4375
2026-06-07 13:42:15,690 [DEBUG] modules.functions.mainFunctions: note_on channel=0 note=66 velocity=63 time=0.00390625
2026-06-07 13:42:16,561 [INFO] modules.functions.midiPlayerFunctions: pausePlayback called
2026-06-07 13:42:16,562 [DEBUG] modules.functions.midiPlayerFunctions: useOutput.paused: True
2026-06-07 13:42:16,562 [DEBUG] modules.functions.mainFunctions: Playback paused.
2026-06-07 13:42:16,571 [DEBUG] modules.functions.midiPlayerFunctions: pausePlayback state updated
2026-06-07 13:42:16,945 [INFO] modules.functions.midiPlayerFunctions: switchUseMIDI called
2026-06-07 13:42:16,952 [DEBUG] modules.functions.mainFunctions: clearConsole
2026-06-07 13:42:16,962 [DEBUG] modules.functions.mainFunctions: refreshOutputDevices
2026-06-07 13:42:16,963 [DEBUG] modules.functions.mainFunctions: output devices: ['Microsoft GS Wavetable Synth 0', 'loopMIDI Port 1']
2026-06-07 13:42:16,969 [DEBUG] modules.functions.mainFunctions: Macro Mode.
2026-06-07 13:42:24,224 [INFO] modules.functions.midiPlayerFunctions: stopPlayback called
2026-06-07 13:42:24,225 [DEBUG] modules.functions.mainFunctions: release: b+k+x
2026-06-07 13:42:24,226 [DEBUG] modules.functions.midiPlayerFunctions: midiHandler.stopPlayback called
2026-06-07 13:42:24,258 [DEBUG] modules.functions.midiPlayerFunctions: stopPlayback completed
2026-06-07 13:42:24,259 [INFO] modules.functions.midiPlayerFunctions: startPlayback called, offset=0.0
2026-06-07 13:42:24,260 [DEBUG] modules.functions.midiPlayerFunctions: startPlayback midiFile: C:\Users\haipr\Documents\nanoMIDIPlayer\Midis\autum2.mid
2026-06-07 13:42:24,294 [DEBUG] modules.functions.midiPlayerFunctions: midiHandler.startPlayback called
2026-06-07 13:42:24,347 [DEBUG] modules.functions.mainFunctions: Playing MIDI file: C:\Users\haipr\Documents\nanoMIDIPlayer\Midis\autum2.mid
2026-06-07 13:42:25,136 [DEBUG] modules.functions.mainFunctions: press: alt
2026-06-07 13:42:25,187 [DEBUG] modules.functions.mainFunctions: press: /
2026-06-07 13:42:25,310 [DEBUG] modules.functions.mainFunctions: release: /
2026-06-07 13:42:25,362 [DEBUG] modules.functions.mainFunctions: press: .
2026-06-07 13:42:25,543 [DEBUG] modules.functions.mainFunctions: press: .+alt
2026-06-07 13:42:25,596 [DEBUG] modules.functions.mainFunctions: press: /
2026-06-07 13:42:25,844 [DEBUG] modules.functions.mainFunctions: release: /
2026-06-07 13:42:25,961 [DEBUG] modules.functions.mainFunctions: press: alt
2026-06-07 13:42:26,014 [DEBUG] modules.functions.mainFunctions: press: p
2026-06-07 13:42:26,404 [DEBUG] modules.functions.mainFunctions: release: p
2026-06-07 13:42:26,455 [DEBUG] modules.functions.mainFunctions: press: e+s
2026-06-07 13:42:26,565 [DEBUG] modules.functions.mainFunctions: release: e+s
2026-06-07 13:42:26,809 [DEBUG] modules.functions.mainFunctions: release: e+s
2026-06-07 13:42:26,860 [DEBUG] modules.functions.mainFunctions: release: alt+e+m+s
2026-06-07 13:42:26,912 [DEBUG] modules.functions.mainFunctions: release: h+m
2026-06-07 13:42:27,088 [DEBUG] modules.functions.mainFunctions: press: alt+h+m
2026-06-07 13:42:27,141 [DEBUG] modules.functions.mainFunctions: press: h+m+p
2026-06-07 13:42:27,424 [DEBUG] modules.functions.mainFunctions: release: h+p
2026-06-07 13:42:27,483 [DEBUG] modules.functions.mainFunctions: release: h
2026-06-07 13:42:27,623 [DEBUG] modules.functions.mainFunctions: release: h
2026-06-07 13:42:28,110 [DEBUG] modules.functions.mainFunctions: press: alt+h
2026-06-07 13:42:28,162 [DEBUG] modules.functions.mainFunctions: press: b+h
2026-06-07 13:42:28,285 [DEBUG] modules.functions.mainFunctions: release: b
2026-06-07 13:42:28,337 [DEBUG] modules.functions.mainFunctions: press: /+b
2026-06-07 13:42:28,425 [DEBUG] modules.functions.mainFunctions: release: /
2026-06-07 13:42:28,494 [DEBUG] modules.functions.mainFunctions: release: /
2026-06-07 13:42:28,546 [DEBUG] modules.functions.mainFunctions: press: .
2026-06-07 13:42:28,657 [DEBUG] modules.functions.mainFunctions: release: .
2026-06-07 13:42:28,708 [DEBUG] modules.functions.mainFunctions: release: /
2026-06-07 13:42:28,760 [DEBUG] modules.functions.mainFunctions: press: /+w
2026-06-07 13:42:29,167 [DEBUG] modules.functions.mainFunctions: press: /+alt+w
2026-06-07 13:42:29,219 [DEBUG] modules.functions.mainFunctions: press: p+w
2026-06-07 13:42:29,608 [DEBUG] modules.functions.mainFunctions: release: p+w
2026-06-07 13:42:29,659 [DEBUG] modules.functions.mainFunctions: press: w
2026-06-07 13:42:29,771 [DEBUG] modules.functions.mainFunctions: press: alt+w
2026-06-07 13:42:29,823 [DEBUG] modules.functions.mainFunctions: press: x
2026-06-07 13:42:29,874 [DEBUG] modules.functions.mainFunctions: release: x
2026-06-07 13:42:29,946 [DEBUG] modules.functions.mainFunctions: release: x
2026-06-07 13:42:30,005 [DEBUG] modules.functions.mainFunctions: release: p
2026-06-07 13:42:30,057 [DEBUG] modules.functions.mainFunctions: release: p
2026-06-07 13:42:30,131 [DEBUG] modules.functions.mainFunctions: press: alt+p
2026-06-07 13:42:30,183 [DEBUG] modules.functions.mainFunctions: press: f+l+p
2026-06-07 13:42:30,392 [INFO] modules.functions.midiPlayerFunctions: pausePlayback called
2026-06-07 13:42:30,394 [DEBUG] modules.functions.midiPlayerFunctions: midiHandler.paused: True
2026-06-07 13:42:30,394 [DEBUG] modules.functions.mainFunctions: Playback paused.
2026-06-07 13:42:30,408 [DEBUG] modules.functions.midiPlayerFunctions: pausePlayback state updated
2026-06-07 13:42:48,365 [INFO] modules.functions.mainFunctions: tabBind: 4
2026-06-07 13:42:48,365 [DEBUG] modules.functions.mainFunctions: clearConsole
2026-06-07 13:43:00,201 [INFO] modules.functions.mainFunctions: tabBind: 0
2026-06-07 13:43:00,201 [DEBUG] modules.functions.mainFunctions: clearConsole
2026-06-07 13:43:10,396 [INFO] modules.functions.midiPlayerFunctions: stopPlayback called
2026-06-07 13:43:10,397 [DEBUG] modules.functions.mainFunctions: release: f+p
2026-06-07 13:43:10,398 [DEBUG] modules.functions.midiPlayerFunctions: midiHandler.stopPlayback called
2026-06-07 13:43:12,852 [DEBUG] modules.functions.midiPlayerFunctions: stopPlayback completed
2026-06-07 13:43:12,865 [INFO] modules.functions.midiPlayerFunctions: startPlayback called, offset=0.0
2026-06-07 13:43:12,865 [DEBUG] modules.functions.midiPlayerFunctions: startPlayback midiFile: C:\Users\haipr\Documents\nanoMIDIPlayer\Midis\Piano Collection Vol5  Nhạc V-Pop tuyển chọn  3 hour Playlist  Alice Piano.mid
2026-06-07 13:43:14,234 [DEBUG] modules.functions.midiPlayerFunctions: midiHandler.startPlayback called
2026-06-07 13:43:14,299 [DEBUG] modules.functions.mainFunctions: Playing MIDI file: C:\Users\haipr\Documents\nanoMIDIPlayer\Midis\Piano Collection Vol5  Nhạc V-Pop tuyển chọn  3 hour Playlist  Alice Piano.mid
2026-06-07 13:43:16,385 [DEBUG] modules.functions.mainFunctions: press: alt
2026-06-07 13:43:16,437 [DEBUG] modules.functions.mainFunctions: press: q
2026-06-07 13:43:17,897 [DEBUG] modules.functions.mainFunctions: press: alt+q
2026-06-07 13:43:17,949 [DEBUG] modules.functions.mainFunctions: release: z
2026-06-07 13:43:18,000 [DEBUG] modules.functions.mainFunctions: press: space+z
2026-06-07 13:43:18,171 [DEBUG] modules.functions.mainFunctions: release: z
2026-06-07 13:43:18,223 [DEBUG] modules.functions.mainFunctions: release: z
2026-06-07 13:43:18,397 [DEBUG] modules.functions.mainFunctions: press: alt+z
2026-06-07 13:43:18,449 [DEBUG] modules.functions.mainFunctions: press: c+o+y
2026-06-07 13:43:18,612 [DEBUG] modules.functions.mainFunctions: press: c+o+space+y
2026-06-07 13:43:19,072 [DEBUG] modules.functions.mainFunctions: release: o+space+y
2026-06-07 13:43:19,122 [DEBUG] modules.functions.mainFunctions: press: c+o+space+y
2026-06-07 13:43:20,072 [DEBUG] modules.functions.mainFunctions: press: alt+c+o+space+y
2026-06-07 13:43:20,123 [DEBUG] modules.functions.mainFunctions: press: c+j+o+space
2026-06-07 13:43:20,180 [DEBUG] modules.functions.mainFunctions: release: c+j+o
2026-06-07 13:43:20,318 [DEBUG] modules.functions.mainFunctions: press: alt+c+j+o
2026-06-07 13:43:20,369 [DEBUG] modules.functions.mainFunctions: press: =+b+j
2026-06-07 13:43:20,692 [DEBUG] modules.functions.mainFunctions: release: =+j
2026-06-07 13:43:20,744 [DEBUG] modules.functions.mainFunctions: press: =+b+j
2026-06-07 13:43:20,796 [DEBUG] modules.functions.mainFunctions: press: =+b+n
2026-06-07 13:43:20,847 [DEBUG] modules.functions.mainFunctions: press: b+i+n
2026-06-07 13:43:20,899 [DEBUG] modules.functions.mainFunctions: press: b+i+n+space
2026-06-07 13:43:21,032 [DEBUG] modules.functions.mainFunctions: release: i+n+space
2026-06-07 13:43:21,276 [DEBUG] modules.functions.mainFunctions: press: alt+i+n+space
2026-06-07 13:43:21,328 [DEBUG] modules.functions.mainFunctions: press: ]+b+i+space
2026-06-07 13:43:21,774 [DEBUG] modules.functions.mainFunctions: press: ]+alt+b+i+space
2026-06-07 13:43:21,825 [DEBUG] modules.functions.mainFunctions: press: ]+b+c+space
2026-06-07 13:43:22,077 [DEBUG] modules.functions.mainFunctions: release: ]+b+c
2026-06-07 13:43:22,128 [DEBUG] modules.functions.mainFunctions: release: c
2026-06-07 13:43:22,257 [DEBUG] modules.functions.mainFunctions: release: c
2026-06-07 13:43:22,308 [DEBUG] modules.functions.mainFunctions: press: 0
2026-06-07 13:43:22,441 [DEBUG] modules.functions.mainFunctions: press: 0+space
2026-06-07 13:43:22,492 [DEBUG] modules.functions.mainFunctions: press: space+t
2026-06-07 13:43:22,749 [DEBUG] modules.functions.mainFunctions: press: alt+space+t
2026-06-07 13:43:22,800 [DEBUG] modules.functions.mainFunctions: press: p+t
2026-06-07 13:43:23,047 [DEBUG] modules.functions.mainFunctions: press: alt+p+t
2026-06-07 13:43:23,098 [DEBUG] modules.functions.mainFunctions: press: \+p
2026-06-07 13:43:24,051 [DEBUG] modules.functions.mainFunctions: release: \
2026-06-07 13:43:24,103 [DEBUG] modules.functions.mainFunctions: release: space
2026-06-07 13:43:24,155 [DEBUG] modules.functions.mainFunctions: press: l
2026-06-07 13:43:24,207 [DEBUG] modules.functions.mainFunctions: press: '
2026-06-07 13:43:24,257 [DEBUG] modules.functions.mainFunctions: press: 6
2026-06-07 13:43:24,309 [DEBUG] modules.functions.mainFunctions: press: z
2026-06-07 13:43:24,462 [DEBUG] modules.functions.mainFunctions: press: space+z
2026-06-07 13:43:24,513 [DEBUG] modules.functions.mainFunctions: press: q+space
2026-06-07 13:43:24,564 [DEBUG] modules.functions.mainFunctions: release: q+space
2026-06-07 13:43:24,697 [DEBUG] modules.functions.mainFunctions: press: alt+q+space
2026-06-07 13:43:24,748 [DEBUG] modules.functions.mainFunctions: press: q+space+y
2026-06-07 13:43:24,932 [DEBUG] modules.functions.mainFunctions: release: q+space+y
2026-06-07 13:43:24,983 [DEBUG] modules.functions.mainFunctions: press: q+space+y+z
2026-06-07 13:43:25,161 [DEBUG] modules.functions.mainFunctions: release: q+space+y
2026-06-07 13:43:25,213 [DEBUG] modules.functions.mainFunctions: press: p+q+y+z
2026-06-07 13:43:25,671 [DEBUG] modules.functions.mainFunctions: press: alt+p+q+y+z
2026-06-07 13:43:25,722 [DEBUG] modules.functions.mainFunctions: press: \+p+y+z
2026-06-07 13:43:25,904 [DEBUG] modules.functions.mainFunctions: press: \+alt+p+y+z
2026-06-07 13:43:25,955 [DEBUG] modules.functions.mainFunctions: press: \+l+p+z
2026-06-07 13:43:26,074 [DEBUG] modules.functions.mainFunctions: release: \+l+p+z
2026-06-07 13:43:26,125 [DEBUG] modules.functions.mainFunctions: release: l
2026-06-07 13:43:26,177 [DEBUG] modules.functions.mainFunctions: press: j
2026-06-07 13:43:26,228 [DEBUG] modules.functions.mainFunctions: press: 5
2026-06-07 13:43:26,279 [DEBUG] modules.functions.mainFunctions: press: 5+space
2026-06-07 13:43:26,402 [DEBUG] modules.functions.mainFunctions: press: 5+alt+space
2026-06-07 13:43:26,454 [DEBUG] modules.functions.mainFunctions: press: =+space
2026-06-07 13:43:26,821 [DEBUG] modules.functions.mainFunctions: release: =+space
2026-06-07 13:43:26,873 [DEBUG] modules.functions.mainFunctions: press: b+j+q
2026-06-07 13:43:27,143 [DEBUG] modules.functions.mainFunctions: press: alt+b+j+q
2026-06-07 13:43:27,195 [DEBUG] modules.functions.mainFunctions: press: i+j
2026-06-07 13:43:27,811 [DEBUG] modules.functions.mainFunctions: release: i
2026-06-07 13:43:27,862 [DEBUG] modules.functions.mainFunctions: press: b+j
2026-06-07 13:43:28,020 [DEBUG] modules.functions.mainFunctions: release: b+j
2026-06-07 13:43:28,072 [DEBUG] modules.functions.mainFunctions: release: b
2026-06-07 13:43:28,123 [DEBUG] modules.functions.mainFunctions: press: 3
2026-06-07 13:43:28,202 [DEBUG] modules.functions.mainFunctions: press: 3+space
2026-06-07 13:43:28,308 [DEBUG] modules.functions.mainFunctions: press: 3+alt+space
2026-06-07 13:43:28,360 [DEBUG] modules.functions.mainFunctions: press: 0+space
2026-06-07 13:43:28,546 [DEBUG] modules.functions.mainFunctions: press: 0+alt+space
2026-06-07 13:43:28,598 [DEBUG] modules.functions.mainFunctions: press: 0+e
2026-06-07 13:43:28,758 [DEBUG] modules.functions.mainFunctions: press: 0+alt+e
2026-06-07 13:43:28,810 [DEBUG] modules.functions.mainFunctions: press: j+y
2026-06-07 13:43:29,001 [DEBUG] modules.functions.mainFunctions: release: j+y
2026-06-07 13:43:29,053 [DEBUG] modules.functions.mainFunctions: press: l+n+y
2026-06-07 13:43:29,104 [DEBUG] modules.functions.mainFunctions: press: l+n+p
2026-06-07 13:43:29,512 [DEBUG] modules.functions.mainFunctions: release: l+n+p
2026-06-07 13:43:29,563 [DEBUG] modules.functions.mainFunctions: press: l+n+p+y
2026-06-07 13:43:29,732 [DEBUG] modules.functions.mainFunctions: release: n+p+y
2026-06-07 13:43:29,784 [DEBUG] modules.functions.mainFunctions: press: l+n+y
2026-06-07 13:43:29,850 [DEBUG] modules.functions.mainFunctions: release: n+y
2026-06-07 13:43:29,901 [DEBUG] modules.functions.mainFunctions: release: 3
2026-06-07 13:43:29,987 [DEBUG] modules.functions.mainFunctions: press: alt
2026-06-07 13:43:30,039 [DEBUG] modules.functions.mainFunctions: press: l
2026-06-07 13:43:30,090 [DEBUG] modules.functions.mainFunctions: press: l+space
2026-06-07 13:43:30,177 [DEBUG] modules.functions.mainFunctions: press: alt+l+space
2026-06-07 13:43:30,229 [DEBUG] modules.functions.mainFunctions: press: e+space
2026-06-07 13:43:30,457 [DEBUG] modules.functions.mainFunctions: press: alt+e+space
2026-06-07 13:43:30,509 [DEBUG] modules.functions.mainFunctions: press: e+i
2026-06-07 13:43:30,612 [DEBUG] modules.functions.mainFunctions: release: e+i
2026-06-07 13:43:30,663 [DEBUG] modules.functions.mainFunctions: press: e+i+n
2026-06-07 13:43:30,749 [DEBUG] modules.functions.mainFunctions: press: alt+e+i+n
2026-06-07 13:43:30,800 [DEBUG] modules.functions.mainFunctions: press: ,+e+i+n
2026-06-07 13:43:31,067 [DEBUG] modules.functions.mainFunctions: press: ,+alt+e+i+n
2026-06-07 13:43:31,118 [DEBUG] modules.functions.mainFunctions: press: ,+]+e+n
2026-06-07 13:43:31,228 [DEBUG] modules.functions.mainFunctions: press: ,+]+alt+e+n
2026-06-07 13:43:31,279 [DEBUG] modules.functions.mainFunctions: press: ,+]+e+z
2026-06-07 13:43:31,489 [DEBUG] modules.functions.mainFunctions: press: ,+]+alt+e+z
2026-06-07 13:43:31,541 [DEBUG] modules.functions.mainFunctions: press: '+]+e+z
2026-06-07 13:43:31,702 [DEBUG] modules.functions.mainFunctions: release: '+]+e+z
2026-06-07 13:43:31,753 [DEBUG] modules.functions.mainFunctions: press: '+]+e+l+z
2026-06-07 13:43:31,826 [DEBUG] modules.functions.mainFunctions: release: '+]+e+l+z
2026-06-07 13:43:31,877 [DEBUG] modules.functions.mainFunctions: release: l
2026-06-07 13:43:31,949 [DEBUG] modules.functions.mainFunctions: press: alt+l
2026-06-07 13:43:32,001 [DEBUG] modules.functions.mainFunctions: press: j+q
2026-06-07 13:43:32,052 [DEBUG] modules.functions.mainFunctions: press: j+q+space
2026-06-07 13:43:32,131 [DEBUG] modules.functions.mainFunctions: release: j+q+space
2026-06-07 13:43:32,493 [DEBUG] modules.functions.mainFunctions: press: alt+j+q+space
2026-06-07 13:43:32,544 [DEBUG] modules.functions.mainFunctions: press: \+j+q+space
2026-06-07 13:43:32,923 [DEBUG] modules.functions.mainFunctions: press: \+alt+j+q+space
2026-06-07 13:43:32,975 [DEBUG] modules.functions.mainFunctions: press: \+q+space+z
2026-06-07 13:43:33,762 [DEBUG] modules.functions.mainFunctions: release: \+q+space
2026-06-07 13:43:33,813 [DEBUG] modules.functions.mainFunctions: press: \+q+space+z
2026-06-07 13:43:33,884 [DEBUG] modules.functions.mainFunctions: press: \+alt+q+space+z
2026-06-07 13:43:33,936 [DEBUG] modules.functions.mainFunctions: press: \+c+o+z
2026-06-07 13:43:33,987 [DEBUG] modules.functions.mainFunctions: press: \+c+o+y
2026-06-07 13:43:35,501 [DEBUG] modules.functions.mainFunctions: release: \+c+o+y
2026-06-07 13:43:35,552 [DEBUG] modules.functions.mainFunctions: press: \+c+j+o+y
2026-06-07 13:43:35,749 [DEBUG] modules.functions.mainFunctions: press: \+alt+c+j+o+y
2026-06-07 13:43:35,800 [DEBUG] modules.functions.mainFunctions: press: =+b+j
2026-06-07 13:43:35,902 [DEBUG] modules.functions.mainFunctions: press: =+b+j+space
2026-06-07 13:43:36,112 [DEBUG] modules.functions.mainFunctions: release: =+j+space
2026-06-07 13:43:36,163 [DEBUG] modules.functions.mainFunctions: press: =+b+j+space
2026-06-07 13:43:36,215 [DEBUG] modules.functions.mainFunctions: press: =+b+n+space
2026-06-07 13:43:36,266 [DEBUG] modules.functions.mainFunctions: press: b+i+n+space
2026-06-07 13:43:36,392 [DEBUG] modules.functions.mainFunctions: release: i+n+space
2026-06-07 13:43:36,707 [DEBUG] modules.functions.mainFunctions: press: alt+i+n+space
2026-06-07 13:43:36,759 [DEBUG] modules.functions.mainFunctions: release: ]+b+i
2026-06-07 13:43:36,851 [DEBUG] modules.functions.mainFunctions: press: ]+b+i+space
2026-06-07 13:43:37,167 [DEBUG] modules.functions.mainFunctions: press: ]+alt+b+i+space
2026-06-07 13:43:37,218 [DEBUG] modules.functions.mainFunctions: press: ]+b+c+i+space
2026-06-07 13:43:37,402 [DEBUG] modules.functions.mainFunctions: release: ]+b+c+i+space
2026-06-07 13:43:37,469 [DEBUG] modules.functions.mainFunctions: release: b+c+i+space
2026-06-07 13:43:37,520 [DEBUG] modules.functions.mainFunctions: release: c
2026-06-07 13:43:37,619 [DEBUG] modules.functions.mainFunctions: press: alt+c
2026-06-07 13:43:37,670 [DEBUG] modules.functions.mainFunctions: release: 0+z
2026-06-07 13:43:37,852 [DEBUG] modules.functions.mainFunctions: press: 0+space+z
2026-06-07 13:43:37,903 [DEBUG] modules.functions.mainFunctions: press: 0+space+t+z
2026-06-07 13:43:38,129 [DEBUG] modules.functions.mainFunctions: press: 0+alt+space+t+z
2026-06-07 13:43:38,180 [DEBUG] modules.functions.mainFunctions: press: 0+p+space+t
2026-06-07 13:43:38,412 [DEBUG] modules.functions.mainFunctions: press: 0+alt+p+space+t
2026-06-07 13:43:38,463 [DEBUG] modules.functions.mainFunctions: press: \+p+space+t
2026-06-07 13:43:39,272 [DEBUG] modules.functions.mainFunctions: release: \+p+space+t
2026-06-07 13:43:39,323 [DEBUG] modules.functions.mainFunctions: press: \+p+t+z
2026-06-07 13:43:39,522 [DEBUG] modules.functions.mainFunctions: release: \+p+t
2026-06-07 13:43:39,574 [DEBUG] modules.functions.mainFunctions: press: \+y
2026-06-07 13:43:39,692 [DEBUG] modules.functions.mainFunctions: press: \+space+y
2026-06-07 13:43:39,822 [DEBUG] modules.functions.mainFunctions: release: space+y
2026-06-07 13:43:40,022 [DEBUG] modules.functions.mainFunctions: release: space+y
2026-06-07 13:43:40,073 [DEBUG] modules.functions.mainFunctions: release: /+z
2026-06-07 13:43:40,124 [DEBUG] modules.functions.mainFunctions: press: q+z
2026-06-07 13:43:40,176 [DEBUG] modules.functions.mainFunctions: press: q+space+z
2026-06-07 13:43:40,292 [DEBUG] modules.functions.mainFunctions: release: q+space+z
2026-06-07 13:43:40,343 [DEBUG] modules.functions.mainFunctions: press: /+6+z
2026-06-07 13:43:40,394 [DEBUG] modules.functions.mainFunctions: release: /+6+z
2026-06-07 13:43:40,445 [DEBUG] modules.functions.mainFunctions: release: /+6+z
2026-06-07 13:43:40,561 [DEBUG] modules.functions.mainFunctions: press: /+6+space+z
2026-06-07 13:43:40,612 [DEBUG] modules.functions.mainFunctions: press: /+6+p+space+z
2026-06-07 13:43:40,992 [DEBUG] modules.functions.mainFunctions: release: /+6+p+space+z
2026-06-07 13:43:41,044 [DEBUG] modules.functions.mainFunctions: press: 6+c+down+p+q+space
2026-06-07 13:43:41,095 [DEBUG] modules.functions.mainFunctions: release: 6+c+down+p+q
2026-06-07 13:43:41,172 [DEBUG] modules.functions.mainFunctions: press: 6+c+down+p+q+space
2026-06-07 13:43:41,341 [DEBUG] modules.functions.mainFunctions: release: 6+c+down+p+q+space
2026-06-07 13:43:41,393 [DEBUG] modules.functions.mainFunctions: release: 6
2026-06-07 13:43:41,466 [DEBUG] modules.functions.mainFunctions: press: alt
2026-06-07 13:43:41,518 [DEBUG] modules.functions.mainFunctions: press: 5
2026-06-07 13:43:41,673 [DEBUG] modules.functions.mainFunctions: press: 5+alt
2026-06-07 13:43:41,725 [DEBUG] modules.functions.mainFunctions: press: =
2026-06-07 13:43:41,933 [DEBUG] modules.functions.mainFunctions: release: =
2026-06-07 13:43:41,984 [DEBUG] modules.functions.mainFunctions: press: ,+5+t
2026-06-07 13:43:42,132 [DEBUG] modules.functions.mainFunctions: release: 5+t
2026-06-07 13:43:42,182 [DEBUG] modules.functions.mainFunctions: press: ,+5+i
2026-06-07 13:43:42,642 [DEBUG] modules.functions.mainFunctions: release: ,+i
2026-06-07 13:43:42,693 [DEBUG] modules.functions.mainFunctions: press: 5+b+i
2026-06-07 13:43:43,052 [DEBUG] modules.functions.mainFunctions: release: 5+b+i
2026-06-07 13:43:43,103 [DEBUG] modules.functions.mainFunctions: press: ,+5+b+i
2026-06-07 13:43:43,277 [DEBUG] modules.functions.mainFunctions: release: ,+5+b+i
2026-06-07 13:43:43,329 [DEBUG] modules.functions.mainFunctions: release: ,+5+b+i+n
2026-06-07 13:43:43,380 [DEBUG] modules.functions.mainFunctions: release: 3+n
2026-06-07 13:43:43,642 [DEBUG] modules.functions.mainFunctions: press: 3+n+space
2026-06-07 13:43:43,975 [DEBUG] modules.functions.mainFunctions: press: 3+alt+n+space
2026-06-07 13:43:44,026 [DEBUG] modules.functions.mainFunctions: release: b+e+space
2026-06-07 13:43:44,239 [DEBUG] modules.functions.mainFunctions: press: alt+b+e+space
2026-06-07 13:43:44,290 [DEBUG] modules.functions.mainFunctions: press: 8+b+c+e
2026-06-07 13:43:44,692 [DEBUG] modules.functions.mainFunctions: release: 8+b+c
2026-06-07 13:43:44,743 [DEBUG] modules.functions.mainFunctions: press: 8+c+e+z
2026-06-07 13:43:44,942 [DEBUG] modules.functions.mainFunctions: release: 8+c+e
2026-06-07 13:43:44,993 [DEBUG] modules.functions.mainFunctions: press: 8+c+e+z
2026-06-07 13:43:45,108 [DEBUG] modules.functions.mainFunctions: release: 8+c+e+z
2026-06-07 13:43:45,160 [DEBUG] modules.functions.mainFunctions: release: z
2026-06-07 13:43:45,216 [DEBUG] modules.functions.mainFunctions: press: alt+z
2026-06-07 13:43:45,268 [DEBUG] modules.functions.mainFunctions: press: q+z
2026-06-07 13:43:45,319 [DEBUG] modules.functions.mainFunctions: press: q+space+z
2026-06-07 13:43:45,438 [DEBUG] modules.functions.mainFunctions: press: alt+q+space+z
2026-06-07 13:43:45,489 [DEBUG] modules.functions.mainFunctions: press: i+space
2026-06-07 13:43:45,667 [DEBUG] modules.functions.mainFunctions: press: alt+i+space
2026-06-07 13:43:45,719 [DEBUG] modules.functions.mainFunctions: press: \+i
2026-06-07 13:43:45,948 [DEBUG] modules.functions.mainFunctions: press: \+alt+i
2026-06-07 13:43:45,999 [DEBUG] modules.functions.mainFunctions: press: \+s
2026-06-07 13:43:46,430 [DEBUG] modules.functions.mainFunctions: press: \+alt+s
2026-06-07 13:43:46,481 [DEBUG] modules.functions.mainFunctions: press: g+s
2026-06-07 13:43:46,886 [DEBUG] modules.functions.mainFunctions: release: g
2026-06-07 13:43:46,937 [DEBUG] modules.functions.mainFunctions: release: g
2026-06-07 13:43:47,147 [DEBUG] modules.functions.mainFunctions: press: alt+g
2026-06-07 13:43:47,199 [DEBUG] modules.functions.mainFunctions: press: ]+i
2026-06-07 13:43:47,251 [DEBUG] modules.functions.mainFunctions: press: ]+f
2026-06-07 13:43:47,371 [DEBUG] modules.functions.mainFunctions: press: ]+f+space
2026-06-07 13:43:48,168 [DEBUG] modules.functions.mainFunctions: press: ]+alt+f+space
2026-06-07 13:43:48,220 [DEBUG] modules.functions.mainFunctions: press: f+space+z
2026-06-07 13:43:48,632 [DEBUG] modules.functions.mainFunctions: release: f+space
2026-06-07 13:43:48,683 [DEBUG] modules.functions.mainFunctions: press: f+space+z
2026-06-07 13:43:48,972 [DEBUG] modules.functions.mainFunctions: release: f+space+z
2026-06-07 13:43:49,022 [DEBUG] modules.functions.mainFunctions: release: z
2026-06-07 13:43:49,096 [DEBUG] modules.functions.mainFunctions: release: z
2026-06-07 13:43:49,148 [DEBUG] modules.functions.mainFunctions: press: q
2026-06-07 13:43:49,199 [DEBUG] modules.functions.mainFunctions: press: q+space
2026-06-07 13:43:49,324 [DEBUG] modules.functions.mainFunctions: press: alt+q+space
2026-06-07 13:43:49,376 [DEBUG] modules.functions.mainFunctions: press: i
2026-06-07 13:43:49,614 [DEBUG] modules.functions.mainFunctions: press: alt+i
2026-06-07 13:43:49,666 [DEBUG] modules.functions.mainFunctions: press: \
2026-06-07 13:43:49,827 [DEBUG] modules.functions.mainFunctions: press: \+alt
2026-06-07 13:43:49,878 [DEBUG] modules.functions.mainFunctions: press: z
2026-06-07 13:43:50,102 [DEBUG] modules.functions.mainFunctions: release: z
2026-06-07 13:43:50,153 [DEBUG] modules.functions.mainFunctions: press: \+f
2026-06-07 13:43:50,763 [DEBUG] modules.functions.mainFunctions: release: \+f
2026-06-07 13:43:50,814 [DEBUG] modules.functions.mainFunctions: press: \+f+j
2026-06-07 13:43:51,056 [DEBUG] modules.functions.mainFunctions: press: \+alt+f+j
2026-06-07 13:43:51,108 [DEBUG] modules.functions.mainFunctions: press: \+c+f+q
2026-06-07 13:43:51,531 [DEBUG] modules.functions.mainFunctions: press: \+alt+c+f+q
2026-06-07 13:43:51,583 [DEBUG] modules.functions.mainFunctions: press: \+b+f+q
2026-06-07 13:43:51,752 [DEBUG] modules.functions.mainFunctions: release: \+b+f+q
2026-06-07 13:43:51,803 [DEBUG] modules.functions.mainFunctions: press: \+b+c+f+q
2026-06-07 13:43:51,982 [DEBUG] modules.functions.mainFunctions: release: b+c+f+q
2026-06-07 13:43:52,033 [DEBUG] modules.functions.mainFunctions: press: \+b+c+f
2026-06-07 13:43:52,241 [DEBUG] modules.functions.mainFunctions: press: \+alt+b+c+f
2026-06-07 13:43:52,293 [DEBUG] modules.functions.mainFunctions: press: \+c+f+z
2026-06-07 13:43:52,811 [DEBUG] modules.functions.mainFunctions: release: \+c+f
2026-06-07 13:43:52,862 [DEBUG] modules.functions.mainFunctions: release: z
2026-06-07 13:43:52,922 [DEBUG] modules.functions.mainFunctions: press: alt+z
2026-06-07 13:43:52,974 [DEBUG] modules.functions.mainFunctions: press: =+c
2026-06-07 13:43:53,025 [DEBUG] modules.functions.mainFunctions: press: =+c+space
2026-06-07 13:43:53,177 [DEBUG] modules.functions.mainFunctions: press: =+alt+c+space
2026-06-07 13:43:53,228 [DEBUG] modules.functions.mainFunctions: press: =+i+space
2026-06-07 13:43:53,431 [DEBUG] modules.functions.mainFunctions: press: =+alt+i+space
2026-06-07 13:43:53,483 [DEBUG] modules.functions.mainFunctions: press: ]+i+space
2026-06-07 13:43:53,912 [DEBUG] modules.functions.mainFunctions: release: ]+i+space
2026-06-07 13:43:53,963 [DEBUG] modules.functions.mainFunctions: press: =+]+s
2026-06-07 13:43:54,892 [DEBUG] modules.functions.mainFunctions: release: ]+s
2026-06-07 13:43:54,944 [DEBUG] modules.functions.mainFunctions: release: ]
2026-06-07 13:43:55,001 [DEBUG] modules.functions.mainFunctions: press: ]+space
2026-06-07 13:43:55,811 [DEBUG] modules.functions.mainFunctions: release: ]+space
2026-06-07 13:43:55,862 [DEBUG] modules.functions.mainFunctions: press: =+]+s+z
2026-06-07 13:43:55,914 [DEBUG] modules.functions.mainFunctions: release: =+]+s+z
2026-06-07 13:43:56,031 [DEBUG] modules.functions.mainFunctions: press: =+]+s+space+z
2026-06-07 13:43:56,272 [DEBUG] modules.functions.mainFunctions: release: =+]+s+space
2026-06-07 13:43:56,323 [DEBUG] modules.functions.mainFunctions: press: ]+s+z
2026-06-07 13:43:56,375 [DEBUG] modules.functions.mainFunctions: release: =+s+z
2026-06-07 13:43:56,637 [DEBUG] modules.functions.mainFunctions: release: s+z
2026-06-07 13:43:56,688 [DEBUG] modules.functions.mainFunctions: release: z
2026-06-07 13:43:56,739 [DEBUG] modules.functions.mainFunctions: press: z
2026-06-07 13:43:56,790 [DEBUG] modules.functions.mainFunctions: release: ,
2026-06-07 13:43:56,992 [DEBUG] modules.functions.mainFunctions: press: ,+space
2026-06-07 13:43:57,044 [DEBUG] modules.functions.mainFunctions: press: ,+space+t
2026-06-07 13:43:57,489 [DEBUG] modules.functions.mainFunctions: press: ,+alt+space+t
2026-06-07 13:43:57,540 [DEBUG] modules.functions.mainFunctions: press: space+t+z
2026-06-07 13:43:57,721 [DEBUG] modules.functions.mainFunctions: release: space+t+z
2026-06-07 13:43:57,773 [DEBUG] modules.functions.mainFunctions: press: \+p+t
2026-06-07 13:43:58,452 [DEBUG] modules.functions.mainFunctions: press: \+alt+p+t
2026-06-07 13:43:58,503 [DEBUG] modules.functions.mainFunctions: press: \+j+p
2026-06-07 13:43:58,702 [DEBUG] modules.functions.mainFunctions: release: \+j
2026-06-07 13:43:58,753 [DEBUG] modules.functions.mainFunctions: release: \+p
2026-06-07 13:43:58,852 [DEBUG] modules.functions.mainFunctions: press: \+p+space
2026-06-07 13:43:59,189 [DEBUG] modules.functions.mainFunctions: press: \+alt+p+space
2026-06-07 13:43:59,240 [DEBUG] modules.functions.mainFunctions: press: \+b+p+space
2026-06-07 13:43:59,403 [DEBUG] modules.functions.mainFunctions: release: \+b+p+space
2026-06-07 13:43:59,454 [DEBUG] modules.functions.mainFunctions: press: \+b+c+p+space
2026-06-07 13:43:59,632 [DEBUG] modules.functions.mainFunctions: release: \+b+c+space
2026-06-07 13:43:59,683 [DEBUG] modules.functions.mainFunctions: press: \+b+c+p
2026-06-07 13:43:59,896 [DEBUG] modules.functions.mainFunctions: press: \+alt+b+c+p
2026-06-07 13:43:59,947 [DEBUG] modules.functions.mainFunctions: press: /+\+c+p
2026-06-07 13:44:00,436 [DEBUG] modules.functions.mainFunctions: release: /+\+c+p
2026-06-07 13:44:00,487 [DEBUG] modules.functions.mainFunctions: release: t
2026-06-07 13:44:00,575 [DEBUG] modules.functions.mainFunctions: press: alt
2026-06-07 13:44:00,627 [DEBUG] modules.functions.mainFunctions: press: i
2026-06-07 13:44:00,692 [DEBUG] modules.functions.mainFunctions: press: i+space
2026-06-07 13:44:00,742 [DEBUG] modules.functions.mainFunctions: release: i+space
2026-06-07 13:44:00,822 [DEBUG] modules.functions.mainFunctions: release: space
2026-06-07 13:44:00,874 [DEBUG] modules.functions.mainFunctions: press: space+t
2026-06-07 13:44:01,080 [DEBUG] modules.functions.mainFunctions: press: alt+space+t
2026-06-07 13:44:01,131 [DEBUG] modules.functions.mainFunctions: press: i+t
2026-06-07 13:44:01,561 [DEBUG] modules.functions.mainFunctions: release: t
2026-06-07 13:44:01,613 [DEBUG] modules.functions.mainFunctions: press: ]+i
2026-06-07 13:44:01,613 [INFO] modules.functions.midiPlayerFunctions: pausePlayback called
2026-06-07 13:44:01,615 [DEBUG] modules.functions.midiPlayerFunctions: midiHandler.paused: True
2026-06-07 13:44:01,624 [DEBUG] modules.functions.midiPlayerFunctions: pausePlayback state updated
2026-06-07 13:44:01,664 [DEBUG] modules.functions.mainFunctions: Playback paused.
